e:\pointsframework\pointsframework\x64\release\normalpointslayer.obj
e:\pointsframework\pointsframework\x64\release\mymatrix.obj
e:\pointsframework\pointsframework\x64\release\myglwidget.obj
e:\pointsframework\pointsframework\x64\release\multinormalpointslayer.obj
e:\pointsframework\pointsframework\x64\release\multiclassbluenoiselayer.obj
e:\pointsframework\pointsframework\x64\release\mathfunction.obj
e:\pointsframework\pointsframework\x64\release\main.obj
e:\pointsframework\pointsframework\x64\release\kmeansclustering.obj
e:\pointsframework\pointsframework\x64\release\imyclassifier.obj
e:\pointsframework\pointsframework\x64\release\ilayer.obj
e:\pointsframework\pointsframework\x64\release\moc_pointsframework.obj
e:\pointsframework\pointsframework\x64\release\moc_pointscontrolwidget.obj
e:\pointsframework\pointsframework\x64\release\moc_myglwidget.obj
e:\pointsframework\pointsframework\x64\release\duclasspointslayer.obj
e:\pointsframework\pointsframework\x64\release\colormap.obj
e:\pointsframework\pointsframework\x64\release\clustering.obj
e:\pointsframework\pointsframework\x64\release\bluenoisenormalpointslayer.obj
e:\pointsframework\pointsframework\x64\release\bluenoiselayer.obj
e:\pointsframework\pointsframework\x64\release\annclassifier.obj
e:\pointsframework\pointsframework\x64\release\ahcclustering.obj
e:\pointsframework\pointsframework\x64\release\spiralpointslayer.obj
e:\pointsframework\pointsframework\x64\release\softmaxclassifier.obj
e:\pointsframework\pointsframework\x64\release\singlenormalpointslayer.obj
e:\pointsframework\pointsframework\x64\release\sequence2dlayer.obj
e:\pointsframework\pointsframework\x64\release\sequence1dlayer.obj
e:\pointsframework\pointsframework\x64\release\randompointslayer.obj
e:\pointsframework\pointsframework\x64\release\pointsframework.obj
e:\pointsframework\pointsframework\x64\release\pointscontrolwidget.obj
e:\pointsframework\pointsframework\x64\release\qrc_pointsframework.obj
e:\pointsframework\pointsframework\generatedfiles\release\moc_pointsframework.cpp
e:\pointsframework\pointsframework\generatedfiles\release\moc_myglwidget.cpp
e:\pointsframework\pointsframework\generatedfiles\qrc_pointsframework.cpp
e:\pointsframework\pointsframework\generatedfiles\release\moc_pointscontrolwidget.cpp
e:\pointsframework\pointsframework\generatedfiles\ui_pointscontrolwidget.h
e:\pointsframework\x64\release\pointsframework.exe
e:\pointsframework\pointsframework\x64\release\pointsframework.tlog\cl.command.1.tlog
e:\pointsframework\pointsframework\x64\release\pointsframework.tlog\cl.read.1.tlog
e:\pointsframework\pointsframework\x64\release\pointsframework.tlog\cl.write.1.tlog
e:\pointsframework\pointsframework\x64\release\pointsframework.tlog\custombuild.command.1.tlog
e:\pointsframework\pointsframework\x64\release\pointsframework.tlog\custombuild.read.1.tlog
e:\pointsframework\pointsframework\x64\release\pointsframework.tlog\custombuild.write.1.tlog
e:\pointsframework\pointsframework\x64\release\pointsframework.tlog\link.command.1.tlog
e:\pointsframework\pointsframework\x64\release\pointsframework.tlog\link.read.1.tlog
e:\pointsframework\pointsframework\x64\release\pointsframework.tlog\link.write.1.tlog
