Build started 2017/7/17 13:25:37.
     1>Project "E:\PointsFramework\PointsFramework\PointsFramework.vcxproj" on node 2 (Build target(s)).
     1>ClCompile:
         D:\Program Files (x86)\Microsoft Visual Studio 14.0\VC\bin\x86_amd64\CL.exe /c /I.\GeneratedFiles /I. /ID:\3dParty\Qt\vs2015\Qt5.8.0\5.8\msvc2015_64\include /I.\GeneratedFiles\Release /ID:\3dParty\Qt\vs2015\Qt5.8.0\5.8\msvc2015_64\include\QtCore /ID:\3dParty\Qt\vs2015\Qt5.8.0\5.8\msvc2015_64\include\QtGui /ID:\3dParty\Qt\vs2015\Qt5.8.0\5.8\msvc2015_64\include\QtOpenGL /ID:\3dParty\Qt\vs2015\Qt5.8.0\5.8\msvc2015_64\include\QtWidgets /I"D:\3dParty\glew-1.11.0\include" /Id:\3dparty\jama125\ /Id:\3dparty\tnt_126 /nologo /W1 /WX- /O2 /D UNICODE /D WIN32 /D WIN64 /D QT_NO_DEBUG /D NDEBUG /D QT_CORE_LIB /D QT_GUI_LIB /D QT_OPENGL_LIB /D QT_WIDGETS_LIB /Gm- /EHsc /MD /GS /fp:precise /Zc:wchar_t /Zc:forScope /Zc:inline /Fo"x64\Release\\" /Fd"x64\Release\vc140.pdb" /Gd /TP /errorReport:prompt SpiralPointsLayer.cpp
         SpiralPointsLayer.cpp
       Link:
         D:\Program Files (x86)\Microsoft Visual Studio 14.0\VC\bin\x86_amd64\link.exe /ERRORREPORT:PROMPT /OUT:"E:\PointsFramework\x64\Release\\PointsFramework.exe" /NOLOGO /LIBPATH:D:\3dParty\Qt\vs2015\Qt5.8.0\5.8\msvc2015_64\lib /LIBPATH:"D:\3dParty\glew-1.11.0\\lib\x64\\" qtmain.lib Qt5Core.lib Qt5Gui.lib Qt5OpenGL.lib opengl32.lib glu32.lib Qt5Widgets.lib glew32.lib kernel32.lib user32.lib gdi32.lib winspool.lib comdlg32.lib advapi32.lib shell32.lib ole32.lib oleaut32.lib uuid.lib odbc32.lib odbccp32.lib /MANIFEST /MANIFESTUAC:"level='asInvoker' uiAccess='false'" /manifest:embed /PDB:"E:\PointsFramework\x64\Release\PointsFramework.pdb" /SUBSYSTEM:CONSOLE /TLBID:1 /DYNAMICBASE /NXCOMPAT /IMPLIB:"E:\PointsFramework\x64\Release\PointsFramework.lib" /MACHINE:X64 x64\Release\AHCClustering.obj
         x64\Release\AnnClassifier.obj
         x64\Release\BlueNoiseLayer.obj
         x64\Release\BlueNoiseNormalPointsLayer.obj
         x64\Release\Clustering.obj
         x64\Release\ColorMap.obj
         x64\Release\DuClassPointsLayer.obj
         x64\Release\qrc_pointsframework.obj
         x64\Release\moc_myglwidget.obj
         x64\Release\moc_pointscontrolwidget.obj
         x64\Release\moc_pointsframework.obj
         x64\Release\ILayer.obj
         x64\Release\IMyClassifier.obj
         x64\Release\KMeansClustering.obj
         x64\Release\main.obj
         x64\Release\MathFunction.obj
         x64\Release\MultiClassBlueNoiseLayer.obj
         x64\Release\MultiNormalPointsLayer.obj
         x64\Release\myglwidget.obj
         x64\Release\MyMatrix.obj
         x64\Release\NormalPointsLayer.obj
         x64\Release\pointscontrolwidget.obj
         x64\Release\pointsframework.obj
         x64\Release\RandomPointsLayer.obj
         x64\Release\Sequence1DLayer.obj
         x64\Release\Sequence2DLayer.obj
         x64\Release\SingleNormalPointsLayer.obj
         x64\Release\SoftMaxClassifier.obj
         x64\Release\SpiralPointsLayer.obj
         PointsFramework.vcxproj -> E:\PointsFramework\x64\Release\PointsFramework.exe
     1>Done Building Project "E:\PointsFramework\PointsFramework\PointsFramework.vcxproj" (Build target(s)).

Build succeeded.

Time Elapsed 00:00:01.34
