Build started 2017/7/17 18:06:57.
     1>Project "E:\PointsFramework\PointsFramework\PointsFramework.vcxproj" on node 2 (Build target(s)).
     1>ClCompile:
         D:\Program Files (x86)\Microsoft Visual Studio 14.0\VC\bin\x86_amd64\CL.exe /c /I.\GeneratedFiles /I. /ID:\3dParty\Qt\vs2015\Qt5.8.0\5.8\msvc2015_64\include /I.\GeneratedFiles\Debug /ID:\3dParty\Qt\vs2015\Qt5.8.0\5.8\msvc2015_64\include\QtCore /ID:\3dParty\Qt\vs2015\Qt5.8.0\5.8\msvc2015_64\include\QtGui /ID:\3dParty\Qt\vs2015\Qt5.8.0\5.8\msvc2015_64\include\QtOpenGL /ID:\3dParty\Qt\vs2015\Qt5.8.0\5.8\msvc2015_64\include\QtWidgets /I"D:\3dParty\glew-1.11.0\include" /Id:\3dparty\tnt_126 /Id:\3dparty\jama125\ /Zi /nologo /W1 /WX- /Od /D UNICODE /D WIN32 /D WIN64 /D QT_CORE_LIB /D QT_GUI_LIB /D QT_OPENGL_LIB /D QT_WIDGETS_LIB /Gm- /EHsc /MDd /GS /fp:precise /Zc:wchar_t /Zc:forScope /Zc:inline /Fo"x64\Debug\\" /Fd"x64\Debug\vc140.pdb" /Gd /TP /errorReport:prompt SingleNormalPointsLayer.cpp
         SingleNormalPointsLayer.cpp
       Link:
         D:\Program Files (x86)\Microsoft Visual Studio 14.0\VC\bin\x86_amd64\link.exe /ERRORREPORT:PROMPT /OUT:"E:\PointsFramework\x64\Debug\\PointsFramework.exe" /NOLOGO /LIBPATH:D:\3dParty\Qt\vs2015\Qt5.8.0\5.8\msvc2015_64\lib /LIBPATH:"D:\3dParty\glew-1.11.0\\lib\x64\\" qtmaind.lib Qt5Cored.lib Qt5Guid.lib Qt5OpenGLd.lib opengl32.lib glu32.lib Qt5Widgetsd.lib kernel32.lib user32.lib gdi32.lib winspool.lib comdlg32.lib advapi32.lib shell32.lib ole32.lib oleaut32.lib uuid.lib odbc32.lib odbccp32.lib /MANIFEST /MANIFESTUAC:"level='asInvoker' uiAccess='false'" /manifest:embed /Debug /PDB:"E:\PointsFramework\x64\Debug\PointsFramework.pdb" /SUBSYSTEM:CONSOLE /TLBID:1 /DYNAMICBASE /NXCOMPAT /IMPLIB:"E:\PointsFramework\x64\Debug\PointsFramework.lib" /MACHINE:X64 x64\Debug\AHCClustering.obj
         x64\Debug\AnnClassifier.obj
         x64\Debug\BlueNoiseLayer.obj
         x64\Debug\BlueNoiseNormalPointsLayer.obj
         x64\Debug\Clustering.obj
         x64\Debug\ColorMap.obj
         x64\Debug\DuClassPointsLayer.obj
         x64\Debug\moc_myglwidget.obj
         x64\Debug\moc_pointscontrolwidget.obj
         x64\Debug\moc_pointsframework.obj
         x64\Debug\qrc_pointsframework.obj
         x64\Debug\ILayer.obj
         x64\Debug\IMyClassifier.obj
         x64\Debug\KMeansClustering.obj
         x64\Debug\main.obj
         x64\Debug\MathFunction.obj
         x64\Debug\MultiClassBlueNoiseLayer.obj
         x64\Debug\MultiNormalPointsLayer.obj
         x64\Debug\myglwidget.obj
         x64\Debug\MyMatrix.obj
         x64\Debug\NormalPointsLayer.obj
         x64\Debug\pointscontrolwidget.obj
         x64\Debug\pointsframework.obj
         x64\Debug\RandomPointsLayer.obj
         x64\Debug\Sequence1DLayer.obj
         x64\Debug\Sequence2DLayer.obj
         x64\Debug\SingleNormalPointsLayer.obj
         x64\Debug\SoftMaxClassifier.obj
         x64\Debug\SpiralPointsLayer.obj
         PointsFramework.vcxproj -> E:\PointsFramework\x64\Debug\PointsFramework.exe
     1>Done Building Project "E:\PointsFramework\PointsFramework\PointsFramework.vcxproj" (Build target(s)).

Build succeeded.

Time Elapsed 00:00:01.25
